<?xml version="1.0" encoding="UTF-8"?>
<testsuite name="IsbnVerifierTest" tests="24" skipped="0" failures="0" errors="0" timestamp="2020-09-09T15:07:27" hostname="DOSU15" time="0.085">
  <properties/>
  <testcase name="validIsbn13" classname="IsbnVerifierTest" time="0.003"/>
  <testcase name="isbnWithoutCheckDigit" classname="IsbnVerifierTest" time="0.001"/>
  <testcase name="invalidCharacterInIsbn" classname="IsbnVerifierTest" time="0.0"/>
  <testcase name="invalidIsbn13" classname="IsbnVerifierTest" time="0.0"/>
  <testcase name="emptyIsbn" classname="IsbnVerifierTest" time="0.0"/>
  <testcase name="convertIsbn10NumberWithX" classname="IsbnVerifierTest" time="0.016"/>
  <testcase name="validIsbnNumberWithCheckDigitOfTen" classname="IsbnVerifierTest" time="0.0"/>
  <testcase name="convertBadIsbn10Fails" classname="IsbnVerifierTest" time="0.056"/>
  <testcase name="tooShortIsbn" classname="IsbnVerifierTest" time="0.0"/>
  <testcase name="checkDigitIsACharacterOtherThanX" classname="IsbnVerifierTest" time="0.0"/>
  <testcase name="tooLongIsbnAndNoDashes" classname="IsbnVerifierTest" time="0.001"/>
  <testcase name="xIsOnlyValidAsACheckDigit" classname="IsbnVerifierTest" time="0.0"/>
  <testcase name="convertIsbn10Number" classname="IsbnVerifierTest" time="0.0"/>
  <testcase name="inputIsNineCharacters" classname="IsbnVerifierTest" time="0.0"/>
  <testcase name="isbnWithoutSeparatingDashesAndXAsCheckDigit" classname="IsbnVerifierTest" time="0.0"/>
  <testcase name="validIsbnNumber" classname="IsbnVerifierTest" time="0.002"/>
  <testcase name="invalidIsbn13WithLessThan13Digits" classname="IsbnVerifierTest" time="0.0"/>
  <testcase name="isbnWithoutCheckDigitAndDashes" classname="IsbnVerifierTest" time="0.001"/>
  <testcase name="validIsbnWithoutSeparatingDashes" classname="IsbnVerifierTest" time="0.0"/>
  <testcase name="inputIsTooLongButContainsAValidIsbn" classname="IsbnVerifierTest" time="0.0"/>
  <testcase name="checkDigitOfXShouldNotBeUsedForZero" classname="IsbnVerifierTest" time="0.001"/>
  <testcase name="invalidIsbn13WithLetters" classname="IsbnVerifierTest" time="0.0"/>
  <testcase name="invalidIsbnCheckDigit" classname="IsbnVerifierTest" time="0.001"/>
  <testcase name="invalidCharactersAreNotIgnored" classname="IsbnVerifierTest" time="0.001"/>
  <system-out><![CDATA[]]></system-out>
  <system-err><![CDATA[]]></system-err>
</testsuite>
